Build started 3/4/2015 10:41:11 AM.
     1>Project "C:\Users\Ryan\Documents\GitHub\KlustaKwik-Interface\klustakwik-0.3.0.rc3\klustakwik.vcxproj" on node 2 (Build target(s)).
     1>ClCompile:
         C:\Program Files (x86)\Microsoft Visual Studio 12.0\VC\bin\CL.exe /c /ZI /nologo /W3 /WX- /Od /Oy- /D WIN32 /D _DEBUG /D _CONSOLE /D _LIB /D _UNICODE /D UNICODE /Gm /EHsc /RTC1 /MDd /GS /fp:precise /Zc:wchar_t /Zc:forScope /Fo"Debug\\" /Fd"Debug\vc120.pdb" /Gd /TP /analyze- /errorReport:prompt io.cpp klustakwik.cpp linalg.cpp log.cpp memorytracking.cpp parameters.cpp precomputations.cpp util.cpp
         util.cpp
         precomputations.cpp
         parameters.cpp
         memorytracking.cpp
     1>c:\users\ryan\documents\github\klustakwik-interface\klustakwik-0.3.0.rc3\memorytracking.cpp(51): warning C4244: 'return' : conversion from 'DWORDLONG' to 'size_t', possible loss of data
     1>c:\users\ryan\documents\github\klustakwik-interface\klustakwik-0.3.0.rc3\memorytracking.cpp(66): warning C4018: '<' : signed/unsigned mismatch
         log.cpp
         linalg.cpp
         klustakwik.cpp
         io.cpp
         Generating Code...
       Link:
         C:\Program Files (x86)\Microsoft Visual Studio 12.0\VC\bin\link.exe /ERRORREPORT:PROMPT /OUT:"C:\Users\Ryan\Documents\GitHub\KlustaKwik-Interface\klustakwik-0.3.0.rc3\Debug\klustakwik.exe" /INCREMENTAL /NOLOGO kernel32.lib user32.lib gdi32.lib winspool.lib comdlg32.lib advapi32.lib shell32.lib ole32.lib oleaut32.lib uuid.lib odbc32.lib odbccp32.lib /MANIFEST /MANIFESTUAC:"level='asInvoker' uiAccess='false'" /manifest:embed /DEBUG /PDB:"C:\Users\Ryan\Documents\GitHub\KlustaKwik-Interface\klustakwik-0.3.0.rc3\Debug\klustakwik.pdb" /SUBSYSTEM:CONSOLE /TLBID:1 /DYNAMICBASE /NXCOMPAT /IMPLIB:"C:\Users\Ryan\Documents\GitHub\KlustaKwik-Interface\klustakwik-0.3.0.rc3\Debug\klustakwik.lib" /MACHINE:X86 Debug\io.obj
         Debug\klustakwik.obj
         Debug\linalg.obj
         Debug\log.obj
         Debug\memorytracking.obj
         Debug\parameters.obj
         Debug\precomputations.obj
         Debug\util.obj
         klustakwik.vcxproj -> C:\Users\Ryan\Documents\GitHub\KlustaKwik-Interface\klustakwik-0.3.0.rc3\Debug\klustakwik.exe
     1>Done Building Project "C:\Users\Ryan\Documents\GitHub\KlustaKwik-Interface\klustakwik-0.3.0.rc3\klustakwik.vcxproj" (Build target(s)).

Build succeeded.

Time Elapsed 00:00:02.66
